INFO 1382875119630 #15 define
INFO 1382875119630 #15 VDEC
INFO 1382875119630 #16 65000
INFO 1382875119630 #15 define
INFO 1382875119630 #15 DEFAULT_SIZE
INFO 1382875119631 #16 15
INFO 1382875119631 #15 include
INFO 1382875119631 #19 "PCB.h"
INFO 1382875119631 #15 include
INFO 1382875119631 #19 "iostream.h"
INFO 1382875119631 #15 include
INFO 1382875119631 #19 "Nit.h"
INFO 1382875119631 #15 include
INFO 1382875119631 #19 "IVTEntry.h"
INFO 1382875119631 #7 class
INFO 1382875119631 #15 IVTEntry
INFO 1382875119631 #36 ;
INFO 1382875119631 #15 unsigned
INFO 1382875119631 #15 curSP
INFO 1382875119631 #25 =
INFO 1382875119631 #15 NULL
INFO 1382875119631 #37 ,
INFO 1382875119631 #15 curSS
INFO 1382875119631 #25 =
INFO 1382875119631 #15 NULL
INFO 1382875119631 #37 ,
INFO 1382875119632 #15 curBP
INFO 1382875119632 #25 =
INFO 1382875119632 #15 NULL
INFO 1382875119632 #36 ;
INFO 1382875119632 #15 unsigned
INFO 1382875119632 #15 short
INFO 1382875119632 #15 promena
INFO 1382875119632 #25 =
INFO 1382875119632 #16 0
INFO 1382875119632 #36 ;
INFO 1382875119632 #15 Time
INFO 1382875119632 #15 currTime
INFO 1382875119632 #25 =
INFO 1382875119632 #16 0
INFO 1382875119632 #36 ;
INFO 1382875119632 #12 void
INFO 1382875119632 #15 dispatch
INFO 1382875119632 #39 (
INFO 1382875119632 #40 )
INFO 1382875119632 #36 ;
INFO 1382875119632 #12 void
INFO 1382875119632 #15 tick
INFO 1382875119632 #39 (
INFO 1382875119632 #40 )
INFO 1382875119632 #36 ;
INFO 1382875119632 #15 extern
INFO 1382875119633 #15 MyIdle
INFO 1382875119633 #22 *
INFO 1382875119633 #15 myidle
INFO 1382875119633 #36 ;
INFO 1382875119633 #15 extern
INFO 1382875119633 #15 ListPCB
INFO 1382875119633 #22 *
INFO 1382875119633 #15 list
INFO 1382875119633 #36 ;
INFO 1382875119633 #15 extern
INFO 1382875119633 #15 ListPCB
INFO 1382875119633 #22 *
INFO 1382875119633 #15 sleepList
INFO 1382875119633 #36 ;
INFO 1382875119633 #15 extern
INFO 1382875119633 #15 ListPCB
INFO 1382875119633 #22 *
INFO 1382875119633 #15 blockList
INFO 1382875119633 #36 ;
INFO 1382875119633 #15 PCB
INFO 1382875119633 #22 *
INFO 1382875119633 #15 IDLE
INFO 1382875119633 #36 ;
INFO 1382875119633 #15 PCB
INFO 1382875119633 #22 *
INFO 1382875119633 #15 PCB
INFO 1382875119634 #15 running
INFO 1382875119634 #25 =
INFO 1382875119634 #15 NULL
INFO 1382875119634 #36 ;
INFO 1382875119634 #15 ID
INFO 1382875119634 #15 PCB
INFO 1382875119634 #15 ukID
INFO 1382875119634 #25 =
INFO 1382875119634 #16 0
INFO 1382875119634 #36 ;
INFO 1382875119634 #15 IR
INFO 1382875119634 #15 oldTimerIR
INFO 1382875119634 #25 =
INFO 1382875119634 #15 NULL
INFO 1382875119634 #36 ;
INFO 1382875119634 #15 PCB
INFO 1382875119634 #15 PCB
INFO 1382875119634 #39 (
INFO 1382875119634 #15 TName
INFO 1382875119634 #15 name
INFO 1382875119634 #37 ,
INFO 1382875119634 #15 StackSize
INFO 1382875119634 #15 stackSize
INFO 1382875119635 #37 ,
INFO 1382875119635 #15 Time
INFO 1382875119635 #15 timeSlice
INFO 1382875119635 #37 ,
INFO 1382875119635 #15 Thread
INFO 1382875119635 #22 *
INFO 1382875119635 #15 myThread
INFO 1382875119635 #40 )
INFO 1382875119635 #41 {
INFO 1382875119635 #15 LOCK
INFO 1382875119635 #39 (
INFO 1382875119635 #40 )
INFO 1382875119635 #36 ;
INFO 1382875119635 #15 this
INFO 1382875119635 #21 -
INFO 1382875119635 #28 >
INFO 1382875119635 #15 threadID
INFO 1382875119635 #25 =
INFO 1382875119635 #34 ++
INFO 1382875119635 #15 ukID
INFO 1382875119635 #36 ;
INFO 1382875119635 #15 this
INFO 1382875119635 #21 -
INFO 1382875119635 #28 >
INFO 1382875119635 #15 stackSize
INFO 1382875119635 #25 =
INFO 1382875119635 #15 stackSize
INFO 1382875119635 #36 ;
INFO 1382875119635 #15 this
INFO 1382875119635 #21 -
INFO 1382875119635 #28 >
INFO 1382875119635 #15 curr
INFO 1382875119636 #25 =
INFO 1382875119636 #15 timeSlice
INFO 1382875119636 #36 ;
INFO 1382875119636 #15 this
INFO 1382875119636 #21 -
INFO 1382875119636 #28 >
INFO 1382875119636 #15 allow
INFO 1382875119636 #25 =
INFO 1382875119636 #15 timeSlice
INFO 1382875119636 #36 ;
INFO 1382875119636 #15 this
INFO 1382875119636 #21 -
INFO 1382875119636 #28 >
INFO 1382875119636 #15 timeToWakeUp
INFO 1382875119636 #25 =
INFO 1382875119636 #16 0
INFO 1382875119636 #36 ;
INFO 1382875119636 #15 this
INFO 1382875119636 #21 -
INFO 1382875119636 #28 >
INFO 1382875119636 #15 myThread
INFO 1382875119636 #25 =
INFO 1382875119636 #15 myThread
INFO 1382875119636 #36 ;
INFO 1382875119636 #15 this
INFO 1382875119636 #21 -
INFO 1382875119636 #28 >
INFO 1382875119636 #15 status
INFO 1382875119636 #25 =
INFO 1382875119637 #15 CRE
INFO 1382875119637 #36 ;
INFO 1382875119637 #15 this
INFO 1382875119637 #21 -
INFO 1382875119637 #28 >
INFO 1382875119637 #15 probudjena
INFO 1382875119637 #25 =
INFO 1382875119637 #16 0
INFO 1382875119637 #36 ;
INFO 1382875119637 #15 this
INFO 1382875119637 #21 -
INFO 1382875119637 #28 >
INFO 1382875119637 #15 deblokirana
INFO 1382875119637 #25 =
INFO 1382875119637 #16 0
INFO 1382875119637 #36 ;
INFO 1382875119637 #15 this
INFO 1382875119637 #21 -
INFO 1382875119637 #28 >
INFO 1382875119637 #15 blockSem
INFO 1382875119637 #25 =
INFO 1382875119637 #15 NULL
INFO 1382875119637 #36 ;
INFO 1382875119637 #15 this
INFO 1382875119637 #21 -
INFO 1382875119637 #28 >
INFO 1382875119637 #15 blockEv
INFO 1382875119637 #25 =
INFO 1382875119637 #15 NULL
INFO 1382875119637 #36 ;
INFO 1382875119637 #4 if
INFO 1382875119637 #39 (
INFO 1382875119638 #15 name
INFO 1382875119638 #27 !=
INFO 1382875119638 #15 NULL
INFO 1382875119638 #40 )
INFO 1382875119638 #41 {
INFO 1382875119638 #15 this
INFO 1382875119638 #21 -
INFO 1382875119638 #28 >
INFO 1382875119638 #15 Name
INFO 1382875119638 #25 =
INFO 1382875119638 #39 (
INFO 1382875119638 #15 char
INFO 1382875119638 #22 *
INFO 1382875119638 #40 )
INFO 1382875119638 #15 malloc
INFO 1382875119638 #39 (
INFO 1382875119638 #15 sizeof
INFO 1382875119638 #39 (
INFO 1382875119638 #15 name
INFO 1382875119638 #40 )
INFO 1382875119638 #40 )
INFO 1382875119638 #36 ;
INFO 1382875119638 #15 sprintf
INFO 1382875119638 #39 (
INFO 1382875119638 #15 this
INFO 1382875119638 #21 -
INFO 1382875119638 #28 >
INFO 1382875119638 #15 Name
INFO 1382875119638 #37 ,
INFO 1382875119638 #15 name
INFO 1382875119638 #40 )
INFO 1382875119639 #36 ;
INFO 1382875119639 #42 }
INFO 1382875119639 #5 else
INFO 1382875119639 #41 {
INFO 1382875119639 #15 name
INFO 1382875119639 #25 =
INFO 1382875119639 #39 (
INFO 1382875119639 #15 char
INFO 1382875119639 #22 *
INFO 1382875119639 #40 )
INFO 1382875119639 #15 malloc
INFO 1382875119639 #39 (
INFO 1382875119639 #15 DEFAULT_SIZE
INFO 1382875119639 #40 )
INFO 1382875119639 #36 ;
INFO 1382875119639 #15 this
INFO 1382875119639 #21 -
INFO 1382875119639 #28 >
INFO 1382875119639 #15 Name
INFO 1382875119639 #25 =
INFO 1382875119639 #39 (
INFO 1382875119639 #15 char
INFO 1382875119639 #22 *
INFO 1382875119639 #40 )
INFO 1382875119639 #15 malloc
INFO 1382875119639 #39 (
INFO 1382875119639 #15 DEFAULT_SIZE
INFO 1382875119639 #40 )
INFO 1382875119639 #36 ;
INFO 1382875119639 #15 sprintf
INFO 1382875119639 #39 (
INFO 1382875119639 #15 name
INFO 1382875119640 #37 ,
INFO 1382875119640 #19 "Thread %d"
INFO 1382875119640 #37 ,
INFO 1382875119640 #15 this
INFO 1382875119640 #21 -
INFO 1382875119640 #28 >
INFO 1382875119640 #15 threadID
INFO 1382875119640 #40 )
INFO 1382875119640 #36 ;
INFO 1382875119640 #15 sprintf
INFO 1382875119640 #39 (
INFO 1382875119640 #15 this
INFO 1382875119640 #21 -
INFO 1382875119640 #28 >
INFO 1382875119640 #15 Name
INFO 1382875119640 #37 ,
INFO 1382875119640 #15 name
INFO 1382875119640 #40 )
INFO 1382875119640 #36 ;
INFO 1382875119640 #15 free
INFO 1382875119640 #39 (
INFO 1382875119640 #15 name
INFO 1382875119640 #40 )
INFO 1382875119640 #36 ;
INFO 1382875119640 #42 }
INFO 1382875119640 #15 stack
INFO 1382875119640 #25 =
INFO 1382875119641 #9 new
INFO 1382875119641 #15 unsigned
INFO 1382875119641 #15 int
INFO 1382875119641 #43 [
INFO 1382875119641 #15 this
INFO 1382875119641 #21 -
INFO 1382875119641 #28 >
INFO 1382875119641 #15 stackSize
INFO 1382875119641 #44 ]
INFO 1382875119642 #36 ;
INFO 1382875119642 #15 stack
INFO 1382875119642 #43 [
INFO 1382875119642 #15 this
INFO 1382875119642 #21 -
INFO 1382875119642 #28 >
INFO 1382875119642 #15 stackSize
INFO 1382875119642 #21 -
INFO 1382875119642 #16 1
INFO 1382875119642 #44 ]
INFO 1382875119642 #25 =
INFO 1382875119642 #36 ;
INFO 1382875119642 #15 stack
INFO 1382875119642 #43 [
INFO 1382875119642 #15 this
INFO 1382875119642 #21 -
INFO 1382875119642 #28 >
INFO 1382875119642 #15 stackSize
INFO 1382875119642 #21 -
INFO 1382875119642 #16 2
INFO 1382875119642 #44 ]
INFO 1382875119642 #25 =
INFO 1382875119642 #15 FP_SEG
INFO 1382875119642 #39 (
INFO 1382875119642 #15 PCB
INFO 1382875119642 #15 wrappMyPCB
INFO 1382875119642 #40 )
INFO 1382875119642 #36 ;
INFO 1382875119642 #15 stack
INFO 1382875119642 #43 [
INFO 1382875119642 #15 this
INFO 1382875119643 #21 -
INFO 1382875119643 #28 >
INFO 1382875119643 #15 stackSize
INFO 1382875119643 #21 -
INFO 1382875119643 #16 3
INFO 1382875119643 #44 ]
INFO 1382875119643 #25 =
INFO 1382875119643 #15 FP_OFF
INFO 1382875119643 #39 (
INFO 1382875119643 #15 PCB
INFO 1382875119643 #15 wrappMyPCB
INFO 1382875119643 #40 )
INFO 1382875119643 #36 ;
INFO 1382875119643 #15 sp
INFO 1382875119643 #25 =
INFO 1382875119643 #15 FP_OFF
INFO 1382875119643 #39 (
INFO 1382875119643 #15 stack
INFO 1382875119643 #20 +
INFO 1382875119643 #39 (
INFO 1382875119643 #15 stackSize
INFO 1382875119643 #21 -
INFO 1382875119643 #16 12
INFO 1382875119643 #40 )
INFO 1382875119643 #40 )
INFO 1382875119643 #36 ;
INFO 1382875119643 #15 bp
INFO 1382875119643 #25 =
INFO 1382875119643 #15 FP_OFF
INFO 1382875119643 #39 (
INFO 1382875119643 #15 stack
INFO 1382875119643 #20 +
INFO 1382875119643 #39 (
INFO 1382875119643 #15 stackSize
INFO 1382875119643 #21 -
INFO 1382875119643 #16 12
INFO 1382875119643 #40 )
INFO 1382875119643 #40 )
INFO 1382875119644 #36 ;
INFO 1382875119644 #15 ss
INFO 1382875119644 #25 =
INFO 1382875119644 #15 FP_SEG
INFO 1382875119644 #39 (
INFO 1382875119644 #15 stack
INFO 1382875119644 #20 +
INFO 1382875119644 #39 (
INFO 1382875119644 #15 stackSize
INFO 1382875119644 #21 -
INFO 1382875119644 #16 12
INFO 1382875119644 #40 )
INFO 1382875119644 #40 )
INFO 1382875119644 #36 ;
INFO 1382875119644 #4 if
INFO 1382875119644 #39 (
INFO 1382875119644 #15 strcmp
INFO 1382875119644 #39 (
INFO 1382875119644 #15 name
INFO 1382875119644 #37 ,
INFO 1382875119644 #19 "MYIDLE"
INFO 1382875119644 #40 )
INFO 1382875119644 #26 ==
INFO 1382875119644 #16 0
INFO 1382875119644 #40 )
INFO 1382875119644 #41 {
INFO 1382875119644 #15 this
INFO 1382875119644 #21 -
INFO 1382875119644 #28 >
INFO 1382875119644 #15 status
INFO 1382875119644 #25 =
INFO 1382875119644 #15 PCB
INFO 1382875119644 #15 IDL
INFO 1382875119644 #36 ;
INFO 1382875119644 #15 IDLE
INFO 1382875119644 #25 =
INFO 1382875119644 #15 this
INFO 1382875119645 #36 ;
INFO 1382875119645 #42 }
INFO 1382875119645 #15 wtcSem
INFO 1382875119645 #25 =
INFO 1382875119645 #9 new
INFO 1382875119645 #15 KernelSem
INFO 1382875119645 #39 (
INFO 1382875119645 #16 0
INFO 1382875119645 #40 )
INFO 1382875119645 #36 ;
INFO 1382875119645 #15 UNLOCK
INFO 1382875119645 #39 (
INFO 1382875119645 #40 )
INFO 1382875119645 #36 ;
INFO 1382875119645 #42 }
INFO 1382875119645 #15 PCB
INFO 1382875119645 #15 PCB
INFO 1382875119645 #39 (
INFO 1382875119645 #40 )
INFO 1382875119645 #41 {
INFO 1382875119645 #15 delete
INFO 1382875119645 #15 stack
INFO 1382875119645 #36 ;
INFO 1382875119645 #42 }
INFO 1382875119645 #15 ID
INFO 1382875119645 #15 PCB
INFO 1382875119645 #15 getThreadID
INFO 1382875119645 #39 (
INFO 1382875119645 #40 )
INFO 1382875119645 #41 {
INFO 1382875119645 #14 return
INFO 1382875119645 #15 this
INFO 1382875119645 #21 -
INFO 1382875119645 #28 >
INFO 1382875119645 #15 threadID
INFO 1382875119645 #36 ;
INFO 1382875119645 #42 }
INFO 1382875119645 #15 StackSize
INFO 1382875119645 #15 PCB
INFO 1382875119645 #15 getStackSize
INFO 1382875119645 #39 (
INFO 1382875119645 #40 )
INFO 1382875119645 #41 {
INFO 1382875119646 #14 return
INFO 1382875119646 #15 this
INFO 1382875119646 #21 -
INFO 1382875119646 #28 >
INFO 1382875119646 #15 stackSize
INFO 1382875119646 #36 ;
INFO 1382875119646 #42 }
INFO 1382875119646 #15 Time
INFO 1382875119646 #15 PCB
INFO 1382875119646 #15 getTimeSlice
INFO 1382875119646 #39 (
INFO 1382875119646 #40 )
INFO 1382875119646 #41 {
INFO 1382875119646 #14 return
INFO 1382875119646 #15 this
INFO 1382875119646 #21 -
INFO 1382875119646 #28 >
INFO 1382875119646 #15 allow
INFO 1382875119646 #36 ;
INFO 1382875119646 #42 }
INFO 1382875119646 #15 unsigned
INFO 1382875119646 #15 PCB
INFO 1382875119646 #15 getStackPointer
INFO 1382875119646 #39 (
INFO 1382875119646 #40 )
INFO 1382875119646 #41 {
INFO 1382875119646 #14 return
INFO 1382875119646 #15 this
INFO 1382875119646 #21 -
INFO 1382875119646 #28 >
INFO 1382875119646 #15 sp
INFO 1382875119646 #36 ;
INFO 1382875119646 #42 }
INFO 1382875119646 #15 unsigned
INFO 1382875119646 #15 PCB
INFO 1382875119646 #15 getStackSegment
INFO 1382875119646 #39 (
INFO 1382875119646 #40 )
INFO 1382875119646 #41 {
INFO 1382875119646 #14 return
INFO 1382875119646 #15 this
INFO 1382875119646 #21 -
INFO 1382875119646 #28 >
INFO 1382875119646 #15 ss
INFO 1382875119647 #36 ;
INFO 1382875119647 #42 }
INFO 1382875119647 #15 unsigned
INFO 1382875119647 #15 PCB
INFO 1382875119647 #15 getBasePointer
INFO 1382875119647 #39 (
INFO 1382875119647 #40 )
INFO 1382875119647 #41 {
INFO 1382875119647 #14 return
INFO 1382875119647 #15 this
INFO 1382875119647 #21 -
INFO 1382875119647 #28 >
INFO 1382875119647 #15 bp
INFO 1382875119647 #36 ;
INFO 1382875119647 #42 }
INFO 1382875119647 #15 PCB
INFO 1382875119647 #22 *
INFO 1382875119647 #15 PCB
INFO 1382875119647 #15 getMyPCB
INFO 1382875119647 #39 (
INFO 1382875119647 #40 )
INFO 1382875119647 #41 {
INFO 1382875119647 #14 return
INFO 1382875119647 #15 this
INFO 1382875119647 #36 ;
INFO 1382875119647 #42 }
INFO 1382875119647 #12 void
INFO 1382875119647 #15 PCB
INFO 1382875119647 #15 wrappMyPCB
INFO 1382875119647 #39 (
INFO 1382875119647 #40 )
INFO 1382875119647 #41 {
INFO 1382875119647 #15 PCB
INFO 1382875119647 #15 running
INFO 1382875119647 #21 -
INFO 1382875119647 #28 >
INFO 1382875119647 #15 myThread
INFO 1382875119647 #21 -
INFO 1382875119647 #28 >
INFO 1382875119647 #15 run
INFO 1382875119647 #39 (
INFO 1382875119647 #40 )
INFO 1382875119648 #36 ;
INFO 1382875119648 #15 LOCK
INFO 1382875119648 #39 (
INFO 1382875119648 #40 )
INFO 1382875119648 #36 ;
INFO 1382875119648 #15 PCB
INFO 1382875119648 #15 running
INFO 1382875119648 #21 -
INFO 1382875119648 #28 >
INFO 1382875119648 #15 status
INFO 1382875119648 #25 =
INFO 1382875119648 #15 FIN
INFO 1382875119648 #36 ;
INFO 1382875119648 #15 PCB
INFO 1382875119648 #15 running
INFO 1382875119648 #21 -
INFO 1382875119648 #28 >
INFO 1382875119648 #15 wtcSem
INFO 1382875119648 #21 -
INFO 1382875119648 #28 >
INFO 1382875119648 #15 signal
INFO 1382875119648 #39 (
INFO 1382875119648 #40 )
INFO 1382875119648 #36 ;
INFO 1382875119648 #15 UNLOCK
INFO 1382875119648 #39 (
INFO 1382875119648 #40 )
INFO 1382875119648 #36 ;
INFO 1382875119648 #15 dispatch
INFO 1382875119648 #39 (
INFO 1382875119648 #40 )
INFO 1382875119648 #36 ;
INFO 1382875119648 #42 }
INFO 1382875119648 #12 void
INFO 1382875119648 #15 interrupt
INFO 1382875119648 #15 timer
INFO 1382875119648 #39 (
INFO 1382875119648 #40 )
INFO 1382875119648 #41 {
INFO 1382875119648 #15 GETSTACK
INFO 1382875119648 #39 (
INFO 1382875119648 #40 )
INFO 1382875119648 #36 ;
INFO 1382875119648 #4 if
INFO 1382875119648 #39 (
INFO 1382875119649 #15 promena
INFO 1382875119649 #40 )
INFO 1382875119649 #41 {
INFO 1382875119649 #15 tick
INFO 1382875119649 #39 (
INFO 1382875119649 #40 )
INFO 1382875119649 #36 ;
INFO 1382875119649 #34 ++
INFO 1382875119649 #15 currTime
INFO 1382875119649 #36 ;
INFO 1382875119649 #15 asm
INFO 1382875119649 #15 int
INFO 1382875119649 #36 ;
INFO 1382875119649 #42 }
INFO 1382875119649 #4 if
INFO 1382875119649 #39 (
INFO 1382875119649 #15 promena
INFO 1382875119649 #32 &&
INFO 1382875119649 #15 currTime
INFO 1382875119649 #26 ==
INFO 1382875119649 #15 VDEC
INFO 1382875119649 #40 )
INFO 1382875119649 #41 {
INFO 1382875119649 #15 currTime
INFO 1382875119649 #21 -
INFO 1382875119649 #25 =
INFO 1382875119649 #15 VDEC
INFO 1382875119649 #36 ;
INFO 1382875119649 #15 sleepList
INFO 1382875119649 #21 -
INFO 1382875119649 #28 >
INFO 1382875119649 #15 timeReset
INFO 1382875119649 #39 (
INFO 1382875119649 #15 VDEC
INFO 1382875119649 #40 )
INFO 1382875119649 #36 ;
INFO 1382875119649 #42 }
INFO 1382875119649 #4 if
INFO 1382875119649 #39 (
INFO 1382875119649 #15 promena
INFO 1382875119649 #32 &&
INFO 1382875119649 #15 sleepList
INFO 1382875119649 #21 -
INFO 1382875119650 #28 >
INFO 1382875119650 #15 count
INFO 1382875119650 #39 (
INFO 1382875119650 #40 )
INFO 1382875119650 #40 )
INFO 1382875119650 #41 {
INFO 1382875119650 #15 sleepList
INFO 1382875119650 #21 -
INFO 1382875119650 #28 >
INFO 1382875119650 #15 checkSL
INFO 1382875119650 #39 (
INFO 1382875119650 #40 )
INFO 1382875119650 #36 ;
INFO 1382875119650 #42 }
INFO 1382875119650 #4 if
INFO 1382875119650 #39 (
INFO 1382875119650 #39 (
INFO 1382875119650 #15 PCB
INFO 1382875119650 #15 running
INFO 1382875119650 #21 -
INFO 1382875119650 #28 >
INFO 1382875119650 #15 curr
INFO 1382875119650 #26 ==
INFO 1382875119650 #16 0
INFO 1382875119650 #32 &&
INFO 1382875119650 #15 promena
INFO 1382875119650 #40 )
INFO 1382875119650 #40 )
INFO 1382875119650 #41 {
INFO 1382875119650 #4 if
INFO 1382875119650 #39 (
INFO 1382875119650 #15 PCB
INFO 1382875119650 #15 running
INFO 1382875119650 #21 -
INFO 1382875119650 #28 >
INFO 1382875119650 #15 allow
INFO 1382875119650 #27 !=
INFO 1382875119651 #16 0
INFO 1382875119651 #40 )
INFO 1382875119651 #15 PCB
INFO 1382875119651 #15 running
INFO 1382875119651 #21 -
INFO 1382875119651 #28 >
INFO 1382875119651 #15 curr
INFO 1382875119651 #25 =
INFO 1382875119651 #15 PCB
INFO 1382875119651 #15 running
INFO 1382875119651 #21 -
INFO 1382875119651 #28 >
INFO 1382875119651 #15 curr
INFO 1382875119651 #21 -
INFO 1382875119651 #16 1
INFO 1382875119651 #36 ;
INFO 1382875119651 #4 if
INFO 1382875119651 #39 (
INFO 1382875119651 #39 (
INFO 1382875119651 #15 PCB
INFO 1382875119651 #15 running
INFO 1382875119651 #21 -
INFO 1382875119651 #28 >
INFO 1382875119651 #15 curr
INFO 1382875119651 #31 <=
INFO 1382875119651 #16 1
INFO 1382875119651 #32 &&
INFO 1382875119651 #15 PCB
INFO 1382875119651 #15 running
INFO 1382875119651 #21 -
INFO 1382875119651 #28 >
INFO 1382875119651 #15 allow
INFO 1382875119651 #27 !=
INFO 1382875119651 #16 0
INFO 1382875119652 #40 )
INFO 1382875119652 #33 ||
INFO 1382875119652 #15 promena
INFO 1382875119652 #40 )
INFO 1382875119652 #41 {
INFO 1382875119652 #15 PCB
INFO 1382875119652 #15 running
INFO 1382875119652 #21 -
INFO 1382875119652 #28 >
INFO 1382875119652 #15 ss
INFO 1382875119652 #25 =
INFO 1382875119652 #15 curSS
INFO 1382875119652 #36 ;
INFO 1382875119652 #15 PCB
INFO 1382875119652 #15 running
INFO 1382875119652 #21 -
INFO 1382875119652 #28 >
INFO 1382875119652 #15 sp
INFO 1382875119652 #25 =
INFO 1382875119652 #15 curSP
INFO 1382875119652 #36 ;
INFO 1382875119652 #15 PCB
INFO 1382875119652 #15 running
INFO 1382875119652 #21 -
INFO 1382875119652 #28 >
INFO 1382875119652 #15 bp
INFO 1382875119652 #25 =
INFO 1382875119652 #15 curBP
INFO 1382875119652 #36 ;
INFO 1382875119652 #4 if
INFO 1382875119652 #39 (
INFO 1382875119652 #15 PCB
INFO 1382875119652 #15 running
INFO 1382875119652 #21 -
INFO 1382875119652 #28 >
INFO 1382875119652 #15 curr
INFO 1382875119652 #31 <=
INFO 1382875119652 #16 1
INFO 1382875119652 #32 &&
INFO 1382875119652 #15 PCB
INFO 1382875119652 #15 running
INFO 1382875119652 #21 -
INFO 1382875119652 #28 >
INFO 1382875119652 #15 allow
INFO 1382875119652 #27 !=
INFO 1382875119652 #16 0
INFO 1382875119652 #32 &&
INFO 1382875119653 #15 promena
INFO 1382875119653 #40 )
INFO 1382875119653 #15 PCB
INFO 1382875119653 #15 running
INFO 1382875119653 #21 -
INFO 1382875119653 #28 >
INFO 1382875119653 #15 curr
INFO 1382875119653 #25 =
INFO 1382875119653 #15 PCB
INFO 1382875119653 #15 running
INFO 1382875119653 #21 -
INFO 1382875119653 #28 >
INFO 1382875119653 #15 allow
INFO 1382875119653 #36 ;
INFO 1382875119653 #4 if
INFO 1382875119653 #39 (
INFO 1382875119653 #15 PCB
INFO 1382875119653 #15 running
INFO 1382875119653 #21 -
INFO 1382875119653 #28 >
INFO 1382875119653 #15 status
INFO 1382875119653 #27 !=
INFO 1382875119653 #15 PCB
INFO 1382875119653 #15 BLO
INFO 1382875119653 #32 &&
INFO 1382875119653 #15 PCB
INFO 1382875119653 #15 running
INFO 1382875119653 #21 -
INFO 1382875119653 #28 >
INFO 1382875119653 #15 status
INFO 1382875119653 #27 !=
INFO 1382875119653 #15 PCB
INFO 1382875119653 #15 FIN
INFO 1382875119653 #32 &&
INFO 1382875119653 #15 PCB
INFO 1382875119653 #15 running
INFO 1382875119653 #21 -
INFO 1382875119653 #28 >
INFO 1382875119653 #15 status
INFO 1382875119653 #27 !=
INFO 1382875119653 #15 PCB
INFO 1382875119653 #15 IDL
INFO 1382875119653 #32 &&
INFO 1382875119653 #15 strcmp
INFO 1382875119653 #39 (
INFO 1382875119654 #15 PCB
INFO 1382875119654 #15 running
INFO 1382875119654 #21 -
INFO 1382875119654 #28 >
INFO 1382875119654 #15 Name
INFO 1382875119654 #37 ,
INFO 1382875119654 #19 "MAIN"
INFO 1382875119654 #40 )
INFO 1382875119654 #40 )
INFO 1382875119654 #41 {
INFO 1382875119654 #15 PCB
INFO 1382875119654 #15 running
INFO 1382875119654 #21 -
INFO 1382875119654 #28 >
INFO 1382875119654 #15 status
INFO 1382875119654 #25 =
INFO 1382875119654 #15 PCB
INFO 1382875119654 #15 REA
INFO 1382875119654 #36 ;
INFO 1382875119654 #15 Scheduler
INFO 1382875119654 #15 put
INFO 1382875119654 #39 (
INFO 1382875119654 #15 PCB
INFO 1382875119654 #15 running
INFO 1382875119654 #40 )
INFO 1382875119654 #36 ;
INFO 1382875119654 #42 }
INFO 1382875119654 #15 PCB
INFO 1382875119654 #15 running
INFO 1382875119654 #25 =
INFO 1382875119654 #15 Scheduler
INFO 1382875119654 #15 get
INFO 1382875119654 #39 (
INFO 1382875119654 #40 )
INFO 1382875119654 #36 ;
INFO 1382875119654 #4 if
INFO 1382875119654 #39 (
INFO 1382875119654 #15 PCB
INFO 1382875119654 #15 running
INFO 1382875119654 #26 ==
INFO 1382875119654 #15 NULL
INFO 1382875119654 #40 )
INFO 1382875119654 #41 {
INFO 1382875119654 #15 PCB
INFO 1382875119654 #15 running
INFO 1382875119654 #25 =
INFO 1382875119654 #15 IDLE
INFO 1382875119655 #36 ;
INFO 1382875119655 #42 }
INFO 1382875119655 #4 if
INFO 1382875119655 #39 (
INFO 1382875119655 #15 PCB
INFO 1382875119655 #15 running
INFO 1382875119655 #27 !=
INFO 1382875119655 #15 IDLE
INFO 1382875119655 #40 )
INFO 1382875119655 #15 PCB
INFO 1382875119655 #15 running
INFO 1382875119655 #21 -
INFO 1382875119655 #28 >
INFO 1382875119655 #15 status
INFO 1382875119655 #25 =
INFO 1382875119655 #15 PCB
INFO 1382875119655 #15 ACT
INFO 1382875119655 #36 ;
INFO 1382875119655 #15 curSS
INFO 1382875119655 #25 =
INFO 1382875119655 #15 PCB
INFO 1382875119655 #15 running
INFO 1382875119655 #21 -
INFO 1382875119655 #28 >
INFO 1382875119655 #15 ss
INFO 1382875119655 #36 ;
INFO 1382875119655 #15 curSP
INFO 1382875119655 #25 =
INFO 1382875119655 #15 PCB
INFO 1382875119655 #15 running
INFO 1382875119655 #21 -
INFO 1382875119655 #28 >
INFO 1382875119655 #15 sp
INFO 1382875119655 #36 ;
INFO 1382875119655 #15 curBP
INFO 1382875119655 #25 =
INFO 1382875119655 #15 PCB
INFO 1382875119655 #15 running
INFO 1382875119655 #21 -
INFO 1382875119655 #28 >
INFO 1382875119655 #15 bp
INFO 1382875119655 #36 ;
INFO 1382875119655 #15 promena
INFO 1382875119655 #25 =
INFO 1382875119655 #16 0
INFO 1382875119655 #36 ;
INFO 1382875119655 #15 SETSTACK
INFO 1382875119655 #39 (
INFO 1382875119655 #40 )
INFO 1382875119655 #36 ;
INFO 1382875119655 #42 }
INFO 1382875119655 #42 }
INFO 1382875119655 #42 }
INFO 1382875119655 #12 void
INFO 1382875119655 #15 dispatch
INFO 1382875119655 #39 (
INFO 1382875119655 #40 )
INFO 1382875119655 #41 {
INFO 1382875119655 #15 LOCK
INFO 1382875119655 #39 (
INFO 1382875119655 #40 )
INFO 1382875119655 #36 ;
INFO 1382875119655 #15 promena
INFO 1382875119655 #25 =
INFO 1382875119656 #16 1
INFO 1382875119656 #36 ;
INFO 1382875119656 #15 timer
INFO 1382875119656 #39 (
INFO 1382875119656 #40 )
INFO 1382875119656 #36 ;
INFO 1382875119656 #15 UNLOCK
INFO 1382875119656 #39 (
INFO 1382875119656 #40 )
INFO 1382875119656 #36 ;
INFO 1382875119656 #42 }
