Leksicka greska (#) u liniji 21 i koloni 1
Leksicka greska (#) u liniji 23 i koloni 1
Leksicka greska (#) u liniji 25 i koloni 1
Leksicka greska (#) u liniji 26 i koloni 1
Leksicka greska (#) u liniji 27 i koloni 1
Leksicka greska (#) u liniji 28 i koloni 1
Leksicka greska (:) u liniji 49 i koloni 9
Leksicka greska (:) u liniji 49 i koloni 10
Leksicka greska (:) u liniji 50 i koloni 7
Leksicka greska (:) u liniji 50 i koloni 8
Leksicka greska (:) u liniji 55 i koloni 4
Leksicka greska (:) u liniji 55 i koloni 5
Leksicka greska (0x200) u liniji 88 i koloni 29
Leksicka greska (:) u liniji 90 i koloni 39
Leksicka greska (:) u liniji 90 i koloni 40
Leksicka greska (:) u liniji 91 i koloni 39
Leksicka greska (:) u liniji 91 i koloni 40
Leksicka greska (:) u liniji 99 i koloni 21
Leksicka greska (:) u liniji 99 i koloni 22
Leksicka greska (:) u liniji 108 i koloni 4
Leksicka greska (:) u liniji 108 i koloni 5
Leksicka greska (~) u liniji 108 i koloni 6
Leksicka greska (:) u liniji 113 i koloni 7
Leksicka greska (:) u liniji 113 i koloni 8
Leksicka greska (:) u liniji 117 i koloni 15
Leksicka greska (:) u liniji 117 i koloni 16
Leksicka greska (:) u liniji 121 i koloni 9
Leksicka greska (:) u liniji 121 i koloni 10
Leksicka greska (:) u liniji 125 i koloni 13
Leksicka greska (:) u liniji 125 i koloni 14
Leksicka greska (:) u liniji 127 i koloni 13
Leksicka greska (:) u liniji 127 i koloni 14
Leksicka greska (:) u liniji 129 i koloni 13
Leksicka greska (:) u liniji 129 i koloni 14
Leksicka greska (:) u liniji 131 i koloni 9
Leksicka greska (:) u liniji 131 i koloni 10
Leksicka greska (:) u liniji 133 i koloni 9
Leksicka greska (:) u liniji 133 i koloni 10
Leksicka greska (:) u liniji 135 i koloni 5
Leksicka greska (:) u liniji 135 i koloni 6
Leksicka greska (:) u liniji 139 i koloni 5
Leksicka greska (:) u liniji 139 i koloni 6
Leksicka greska (:) u liniji 143 i koloni 5
Leksicka greska (:) u liniji 143 i koloni 6
Leksicka greska (!) u liniji 154 i koloni 5
Leksicka greska (60h) u liniji 157 i koloni 11
Leksicka greska (!) u liniji 160 i koloni 6
Leksicka greska (!) u liniji 166 i koloni 6
Leksicka greska (!) u liniji 170 i koloni 6
Leksicka greska (:) u liniji 170 i koloni 12
Leksicka greska (:) u liniji 170 i koloni 13
Leksicka greska (!) u liniji 170 i koloni 36
Leksicka greska (:) u liniji 172 i koloni 10
Leksicka greska (:) u liniji 172 i koloni 11
Leksicka greska (:) u liniji 172 i koloni 37
Leksicka greska (:) u liniji 172 i koloni 38
Leksicka greska (:) u liniji 172 i koloni 58
Leksicka greska (:) u liniji 172 i koloni 59
Leksicka greska (:) u liniji 173 i koloni 11
Leksicka greska (:) u liniji 173 i koloni 12
Leksicka greska (:) u liniji 173 i koloni 39
Leksicka greska (:) u liniji 173 i koloni 40
Leksicka greska (:) u liniji 175 i koloni 6
Leksicka greska (:) u liniji 175 i koloni 7
Leksicka greska (:) u liniji 176 i koloni 6
Leksicka greska (:) u liniji 176 i koloni 7
Leksicka greska (:) u liniji 177 i koloni 6
Leksicka greska (:) u liniji 177 i koloni 7
Leksicka greska (:) u liniji 179 i koloni 10
Leksicka greska (:) u liniji 179 i koloni 11
Leksicka greska (:) u liniji 179 i koloni 38
Leksicka greska (:) u liniji 179 i koloni 39
Leksicka greska (!) u liniji 179 i koloni 63
Leksicka greska (:) u liniji 179 i koloni 78
Leksicka greska (:) u liniji 179 i koloni 79
Leksicka greska (:) u liniji 179 i koloni 99
Leksicka greska (:) u liniji 179 i koloni 100
Leksicka greska (:) u liniji 181 i koloni 10
Leksicka greska (:) u liniji 181 i koloni 11
Leksicka greska (:) u liniji 181 i koloni 34
Leksicka greska (:) u liniji 181 i koloni 35
Leksicka greska (:) u liniji 181 i koloni 46
Leksicka greska (:) u liniji 181 i koloni 47
Leksicka greska (:) u liniji 181 i koloni 70
Leksicka greska (:) u liniji 181 i koloni 71
Leksicka greska (:) u liniji 181 i koloni 82
Leksicka greska (:) u liniji 181 i koloni 83
Leksicka greska (:) u liniji 181 i koloni 106
Leksicka greska (:) u liniji 181 i koloni 107
Leksicka greska (:) u liniji 181 i koloni 125
Leksicka greska (:) u liniji 181 i koloni 126
Leksicka greska (:) u liniji 182 i koloni 9
Leksicka greska (:) u liniji 182 i koloni 10
Leksicka greska (:) u liniji 182 i koloni 32
Leksicka greska (:) u liniji 182 i koloni 33
Leksicka greska (:) u liniji 182 i koloni 48
Leksicka greska (:) u liniji 182 i koloni 49
Leksicka greska (:) u liniji 182 i koloni 57
Leksicka greska (:) u liniji 182 i koloni 58
Leksicka greska (:) u liniji 184 i koloni 6
Leksicka greska (:) u liniji 184 i koloni 7
Leksicka greska (:) u liniji 184 i koloni 27
Leksicka greska (:) u liniji 184 i koloni 28
Leksicka greska (:) u liniji 186 i koloni 10
Leksicka greska (:) u liniji 186 i koloni 11
Leksicka greska (:) u liniji 186 i koloni 33
Leksicka greska (:) u liniji 186 i koloni 34
Leksicka greska (:) u liniji 188 i koloni 10
Leksicka greska (:) u liniji 188 i koloni 11
Leksicka greska (:) u liniji 188 i koloni 33
Leksicka greska (:) u liniji 188 i koloni 34
Leksicka greska (:) u liniji 188 i koloni 56
Leksicka greska (:) u liniji 188 i koloni 57
Leksicka greska (:) u liniji 190 i koloni 14
Leksicka greska (:) u liniji 190 i koloni 15
Leksicka greska (:) u liniji 191 i koloni 14
Leksicka greska (:) u liniji 191 i koloni 15
Leksicka greska (:) u liniji 192 i koloni 14
Leksicka greska (:) u liniji 192 i koloni 15
